Not searching for unused variables given on the command line.
[36m--[0m The C compiler identification is GNU 13.2.1
[36m--[0m The CXX compiler identification is GNU 13.2.1
[36m--[0m Detecting C compiler ABI info
[36m--[0m Detecting C compiler ABI info - done
[36m--[0m Check for working C compiler: /usr/bin/cc - skipped
[36m--[0m Detecting C compile features
[36m--[0m Detecting C compile features - done
[36m--[0m Detecting CXX compiler ABI info
[36m--[0m Detecting CXX compiler ABI info - done
[36m--[0m Check for working CXX compiler: /usr/bin/c++ - skipped
[36m--[0m Detecting CXX compile features
[36m--[0m Detecting CXX compile features - done
[36m--[0m Using CATKIN_DEVEL_PREFIX: /home/gadzz/Documents/Aksantara/ROS_OpenCV/Tugas1/devel/.private/catkin_tools_prebuild
[36m--[0m Using CMAKE_PREFIX_PATH: /home/gadzz/miniforge3/envs/ros_env
[36m--[0m This workspace overlays: /home/gadzz/miniforge3/envs/ros_env
[36m--[0m Found PythonInterp: /home/gadzz/miniforge3/envs/ros_env/bin/python3.9 (found suitable version "3.9.15", minimum required is "3.9")
[36m--[0m Using PYTHON_EXECUTABLE: /home/gadzz/miniforge3/envs/ros_env/bin/python3.9
[36m--[0m Using default Python package layout
[36m--[0m Found PY_em: /home/gadzz/miniforge3/envs/ros_env/lib/python3.9/site-packages/em.py
[36m--[0m Using empy: /home/gadzz/miniforge3/envs/ros_env/lib/python3.9/site-packages/em.py
[36m--[0m Using CATKIN_ENABLE_TESTING: ON
[36m--[0m Call enable_testing()
[36m--[0m Using CATKIN_TEST_RESULTS_DIR: /home/gadzz/Documents/Aksantara/ROS_OpenCV/Tugas1/build/catkin_tools_prebuild/test_results
[36m--[0m Found gtest: gtests will be built
[36m--[0m Using Python nosetests: /home/gadzz/miniforge3/envs/ros_env/bin/nosetests-3.9
[36m--[0m catkin 0.8.10
[36m--[0m BUILD_SHARED_LIBS is on
[36m--[0m Configuring done
[36m--[0m Generating done
[36m--[0m Build files have been written to: /home/gadzz/Documents/Aksantara/ROS_OpenCV/Tugas1/build/catkin_tools_prebuild
